  ConcurrentServer.cpp
D:\_УЧЁБА_\Лабораторные\ПСП (Шиман)\Lab08-10\ConcurrentServer\ConcurrentServer\ConcurrentServer.cpp(75,3): warning C4996: 'strcpy': This function or variable may be unsafe. Consider using strcpy_s instead. To disable deprecation, use _CRT_SECURE_NO_WARNINGS. See online help for details.
D:\_УЧЁБА_\Лабораторные\ПСП (Шиман)\Lab08-10\ConcurrentServer\ConcurrentServer\ConcurrentServer.cpp(82,3): warning C4996: 'strcpy': This function or variable may be unsafe. Consider using strcpy_s instead. To disable deprecation, use _CRT_SECURE_NO_WARNINGS. See online help for details.
D:\_УЧЁБА_\Лабораторные\ПСП (Шиман)\Lab08-10\ConcurrentServer\ConcurrentServer\ConcurrentServer.cpp(258,3): warning C4996: 'sprintf': This function or variable may be unsafe. Consider using sprintf_s instead. To disable deprecation, use _CRT_SECURE_NO_WARNINGS. See online help for details.
D:\_УЧЁБА_\Лабораторные\ПСП (Шиман)\Lab08-10\ConcurrentServer\ConcurrentServer\ConcurrentServer.cpp(297,6): warning C4996: 'sprintf': This function or variable may be unsafe. Consider using sprintf_s instead. To disable deprecation, use _CRT_SECURE_NO_WARNINGS. See online help for details.
D:\_УЧЁБА_\Лабораторные\ПСП (Шиман)\Lab08-10\ConcurrentServer\ConcurrentServer\ConcurrentServer.cpp(396,6): warning C4996: 'strcpy': This function or variable may be unsafe. Consider using strcpy_s instead. To disable deprecation, use _CRT_SECURE_NO_WARNINGS. See online help for details.
D:\_УЧЁБА_\Лабораторные\ПСП (Шиман)\Lab08-10\ConcurrentServer\ConcurrentServer\ConcurrentServer.cpp(495,102): warning C4996: 'inet_ntoa': Use inet_ntop() or InetNtop() instead or define _WINSOCK_DEPRECATED_NO_WARNINGS to disable deprecated API warnings
D:\_УЧЁБА_\Лабораторные\ПСП (Шиман)\Lab08-10\ConcurrentServer\ConcurrentServer\ConcurrentServer.cpp(496,23): warning C4996: 'inet_ntoa': Use inet_ntop() or InetNtop() instead or define _WINSOCK_DEPRECATED_NO_WARNINGS to disable deprecated API warnings
D:\_УЧЁБА_\Лабораторные\ПСП (Шиман)\Lab08-10\ConcurrentServer\ConcurrentServer\ConcurrentServer.cpp(545,3): warning C4996: 'strcpy': This function or variable may be unsafe. Consider using strcpy_s instead. To disable deprecation, use _CRT_SECURE_NO_WARNINGS. See online help for details.
D:\_УЧЁБА_\Лабораторные\ПСП (Шиман)\Lab08-10\ConcurrentServer\ConcurrentServer\ConcurrentServer.cpp(546,3): warning C4996: 'strcpy': This function or variable may be unsafe. Consider using strcpy_s instead. To disable deprecation, use _CRT_SECURE_NO_WARNINGS. See online help for details.
D:\_УЧЁБА_\Лабораторные\ПСП (Шиман)\Lab08-10\ConcurrentServer\ConcurrentServer\ConcurrentServer.cpp(550,3): warning C4996: 'strcpy': This function or variable may be unsafe. Consider using strcpy_s instead. To disable deprecation, use _CRT_SECURE_NO_WARNINGS. See online help for details.
D:\_УЧЁБА_\Лабораторные\ПСП (Шиман)\Lab08-10\ConcurrentServer\ConcurrentServer\ConcurrentServer.cpp(551,3): warning C4996: 'strcpy': This function or variable may be unsafe. Consider using strcpy_s instead. To disable deprecation, use _CRT_SECURE_NO_WARNINGS. See online help for details.
D:\_УЧЁБА_\Лабораторные\ПСП (Шиман)\Lab08-10\ConcurrentServer\ConcurrentServer\ConcurrentServer.cpp(555,3): warning C4996: 'strcpy': This function or variable may be unsafe. Consider using strcpy_s instead. To disable deprecation, use _CRT_SECURE_NO_WARNINGS. See online help for details.
D:\_УЧЁБА_\Лабораторные\ПСП (Шиман)\Lab08-10\ConcurrentServer\ConcurrentServer\ConcurrentServer.cpp(556,3): warning C4996: 'strcpy': This function or variable may be unsafe. Consider using strcpy_s instead. To disable deprecation, use _CRT_SECURE_NO_WARNINGS. See online help for details.
D:\_УЧЁБА_\Лабораторные\ПСП (Шиман)\Lab08-10\ConcurrentServer\ConcurrentServer\ConcurrentServer.cpp(560,3): warning C4996: 'strcpy': This function or variable may be unsafe. Consider using strcpy_s instead. To disable deprecation, use _CRT_SECURE_NO_WARNINGS. See online help for details.
D:\_УЧЁБА_\Лабораторные\ПСП (Шиман)\Lab08-10\ConcurrentServer\ConcurrentServer\ConcurrentServer.cpp(561,3): warning C4996: 'strcpy': This function or variable may be unsafe. Consider using strcpy_s instead. To disable deprecation, use _CRT_SECURE_NO_WARNINGS. See online help for details.
  Создание кода
  1 of 289 functions ( 0.3%) were compiled, the rest were copied from previous compilation.
    0 functions were new in current compilation
    1 functions had inline decision re-evaluated but remain unchanged
  Создание кода завершено
  ConcurrentServer.vcxproj -> D:\_УЧЁБА_\Лабораторные\ПСП (Шиман)\Lab08-10\ConcurrentServer\Release\ConcurrentServer.exe
