d:\5 семестр\лабораторные\бип\lab08-10\win32project1\win32project1\debug\win32project1.pch
d:\5 семестр\лабораторные\бип\lab08-10\win32project1\win32project1\debug\vc143.pdb
d:\5 семестр\лабораторные\бип\lab08-10\win32project1\win32project1\debug\vc143.idb
d:\5 семестр\лабораторные\бип\lab08-10\win32project1\win32project1\debug\stdafx.obj
d:\5 семестр\лабораторные\бип\lab08-10\win32project1\win32project1\debug\dllmain.obj
d:\5 семестр\лабораторные\бип\lab08-10\win32project1\win32project1\debug\win32project1.obj
d:\5 семестр\лабораторные\бип\lab08-10\win32project1\win32project1\debug\errorfunctions.obj
e:\education\5semester\shiman\mylabs\lab08-10\win32project1\win32project1\debug\win32project1.pch
e:\education\5semester\shiman\mylabs\lab08-10\win32project1\win32project1\debug\vc143.pdb
e:\education\5semester\shiman\mylabs\lab08-10\win32project1\win32project1\debug\vc143.idb
e:\education\5semester\shiman\mylabs\lab08-10\win32project1\win32project1\debug\stdafx.obj
e:\education\5semester\shiman\mylabs\lab08-10\win32project1\win32project1\debug\dllmain.obj
e:\education\5semester\shiman\mylabs\lab08-10\win32project1\win32project1\debug\win32project1.obj
e:\education\5semester\shiman\mylabs\lab08-10\win32project1\win32project1\debug\errorfunctions.obj
c:\users\danik\desktop\lab8\lab08-10\win32project1\win32project1\debug\win32project1.pch
c:\users\danik\desktop\lab8\lab08-10\win32project1\win32project1\debug\vc143.pdb
c:\users\danik\desktop\lab8\lab08-10\win32project1\win32project1\debug\vc143.idb
c:\users\danik\desktop\lab8\lab08-10\win32project1\win32project1\debug\stdafx.obj
c:\users\danik\desktop\lab8\lab08-10\win32project1\win32project1\debug\dllmain.obj
c:\users\danik\desktop\lab8\lab08-10\win32project1\win32project1\debug\win32project1.obj
c:\users\danik\desktop\lab8\lab08-10\win32project1\win32project1\debug\errorfunctions.obj
d:\5 семестр\лабораторные\бип\lab08-10\concurrentserver\debug\win32project1.dll
d:\5 семестр\лабораторные\бип\lab08-10\win32project1\win32project1\debug\win32project1.ilk
d:\5 семестр\лабораторные\бип\lab08-10\concurrentserver\debug\win32project1.pdb
e:\education\5semester\shiman\mylabs\lab08-10\win32project1\win32project1\debug\win32project1.ilk
e:\education\5semester\shiman\mylabs\lab08-10\concurrentserver\debug\win32project1.dll
e:\education\5semester\shiman\mylabs\lab08-10\concurrentserver\debug\win32project1.pdb
c:\users\danik\desktop\lab8\lab08-10\win32project1\win32project1\debug\win32project1.ilk
c:\users\danik\desktop\lab8\lab08-10\concurrentserver\debug\win32project1.dll
c:\users\danik\desktop\lab8\lab08-10\concurrentserver\debug\win32project1.pdb
c:\users\danik\desktop\lab8\lab08-10\concurrentserver\debug\win32project1.lib
c:\users\danik\desktop\lab8\lab08-10\concurrentserver\debug\win32project1.exp
d:\5 семестр\лабораторные\бип\pibsm_lab8-10\concurrentserver\debug\win32project1.lib
d:\5 семестр\лабораторные\бип\pibsm_lab8-10\concurrentserver\debug\win32project1.exp
d:\5 семестр\лабораторные\бип\lab08-10\concurrentserver\debug\win32project1.lib
d:\5 семестр\лабораторные\бип\lab08-10\concurrentserver\debug\win32project1.exp
e:\education\5semester\shiman\mylabs\lab08-10\concurrentserver\debug\win32project1.lib
e:\education\5semester\shiman\mylabs\lab08-10\concurrentserver\debug\win32project1.exp
c:\users\danik\desktop\lab8\lab08-10\win32project1\win32project1\debug\win32project1.tlog\cl.command.1.tlog
c:\users\danik\desktop\lab8\lab08-10\win32project1\win32project1\debug\win32project1.tlog\cl.read.1.tlog
c:\users\danik\desktop\lab8\lab08-10\win32project1\win32project1\debug\win32project1.tlog\cl.write.1.tlog
c:\users\danik\desktop\lab8\lab08-10\win32project1\win32project1\debug\win32project1.tlog\link.command.1.tlog
c:\users\danik\desktop\lab8\lab08-10\win32project1\win32project1\debug\win32project1.tlog\link.read.1.tlog
c:\users\danik\desktop\lab8\lab08-10\win32project1\win32project1\debug\win32project1.tlog\link.write.1.tlog
c:\users\danik\desktop\lab8\lab08-10\win32project1\win32project1\debug\win32project1.tlog\link.write.2u.tlog
c:\users\danik\desktop\lab8\lab08-10\win32project1\win32project1\debug\win32project1.tlog\win32project1.write.1u.tlog
