23.02.2023 18:22:54 [main] INFO  main.Main  - Starting program_____________________________
23.02.2023 18:22:54 [main] INFO  company.Company  - Added junior
23.02.2023 18:22:54 [main] INFO  company.Company  - Added junior
23.02.2023 18:22:54 [main] INFO  company.Company  - Added junior
23.02.2023 18:22:54 [main] INFO  company.Company  - Added junior
23.02.2023 18:22:54 [main] INFO  company.Company  - Added junior
23.02.2023 18:22:54 [main] INFO  company.Company  - Added junior
23.02.2023 18:22:54 [main] INFO  company.Company  - Added junior
23.02.2023 18:22:54 [main] INFO  company.Company  - Added junior
23.02.2023 18:22:54 [main] INFO  company.Company  - Added junior
23.02.2023 18:22:54 [main] INFO  company.Company  - Added middle
23.02.2023 18:22:54 [main] INFO  company.Company  - Added middle
23.02.2023 18:22:54 [main] INFO  company.Company  - Added middle
23.02.2023 18:22:54 [main] INFO  company.Company  - Added middle
23.02.2023 18:22:54 [main] INFO  company.Company  - Added middle
23.02.2023 18:22:54 [main] INFO  company.Company  - Added middle
23.02.2023 18:22:54 [main] INFO  company.Company  - Added middle
23.02.2023 18:22:54 [main] INFO  company.Company  - Added senior
23.02.2023 18:22:54 [main] INFO  company.Company  - Added senior
23.02.2023 18:22:54 [main] INFO  company.Company  - Added senior
23.02.2023 18:22:54 [main] INFO  company.Company  - Added senior
23.02.2023 18:22:54 [main] INFO  company.Company  - Added senior
23.02.2023 18:22:54 [main] INFO  company.Company  - Added senior
23.02.2023 18:22:54 [main] INFO  company.Company  - Added senior
23.02.2023 18:22:54 [main] INFO  company.Company  - Added senior
23.02.2023 18:22:54 [main] INFO  company.Company  - Added senior
23.02.2023 18:22:54 [main] INFO  company.Company  - Added senior
23.02.2023 18:22:54 [main] INFO  company.Company  - Added senior
23.02.2023 18:22:54 [main] INFO  company.Company  - Added senior
23.02.2023 18:22:54 [main] INFO  company.Company  - Added senior
23.02.2023 18:22:54 [main] INFO  company.Company  - Added senior
23.02.2023 18:22:54 [main] INFO  company.Company  - Added senior
23.02.2023 18:22:54 [main] INFO  company.Company  - Added sysadmin
23.02.2023 18:22:54 [main] INFO  company.Company  - Added sysadmin
23.02.2023 18:22:54 [main] INFO  company.Company  - Added sysadmin
23.02.2023 18:22:54 [main] INFO  company.Company  - Added sysadmin
23.02.2023 18:22:54 [main] INFO  company.Company  - Added sysadmin
23.02.2023 18:22:54 [main] INFO  company.Company  - Added sysadmin
23.02.2023 18:22:54 [main] INFO  company.Company  - Added sysadmin
23.02.2023 18:22:54 [main] INFO  company.Company  - Added sysadmin
23.02.2023 18:22:54 [main] INFO  company.Company  - Added sysadmin
23.02.2023 18:22:54 [main] INFO  company.Company  - Added sysadmin
23.02.2023 18:22:54 [main] INFO  company.Company  - Added sysadmin
23.02.2023 18:22:54 [main] INFO  company.Company  - Added sysadmin
23.02.2023 18:22:54 [main] INFO  company.Company  - Added sysadmin
23.02.2023 18:22:54 [main] INFO  company.Company  - Added sysadmin
23.02.2023 18:22:54 [main] INFO  company.Company  - Added sysadmin
23.02.2023 18:26:21 [main] INFO  main.Main  - Starting program_____________________________
23.02.2023 18:26:21 [main] INFO  company.Company  - Added junior
23.02.2023 18:26:21 [main] INFO  company.Company  - Added junior
23.02.2023 18:26:21 [main] INFO  company.Company  - Added junior
23.02.2023 18:26:21 [main] INFO  company.Company  - Added junior
23.02.2023 18:26:21 [main] INFO  company.Company  - Added junior
23.02.2023 18:26:21 [main] INFO  company.Company  - Added junior
23.02.2023 18:26:21 [main] INFO  company.Company  - Added junior
23.02.2023 18:26:21 [main] INFO  company.Company  - Added junior
23.02.2023 18:26:21 [main] INFO  company.Company  - Added junior
23.02.2023 18:26:21 [main] INFO  company.Company  - Added junior
23.02.2023 18:26:21 [main] INFO  company.Company  - Added junior
23.02.2023 18:26:21 [main] INFO  company.Company  - Added junior
23.02.2023 18:26:21 [main] INFO  company.Company  - Added junior
23.02.2023 18:26:21 [main] INFO  company.Company  - Added junior
23.02.2023 18:26:21 [main] INFO  company.Company  - Added middle
23.02.2023 18:26:21 [main] INFO  company.Company  - Added middle
23.02.2023 18:26:21 [main] INFO  company.Company  - Added middle
23.02.2023 18:26:21 [main] INFO  company.Company  - Added middle
23.02.2023 18:26:21 [main] INFO  company.Company  - Added middle
23.02.2023 18:26:21 [main] INFO  company.Company  - Added middle
23.02.2023 18:26:21 [main] INFO  company.Company  - Added middle
23.02.2023 18:26:21 [main] INFO  company.Company  - Added middle
23.02.2023 18:26:21 [main] INFO  company.Company  - Added middle
23.02.2023 18:26:21 [main] INFO  company.Company  - Added middle
23.02.2023 18:26:21 [main] INFO  company.Company  - Added middle
23.02.2023 18:26:21 [main] INFO  company.Company  - Added middle
23.02.2023 18:26:21 [main] INFO  company.Company  - Added senior
23.02.2023 18:26:21 [main] INFO  company.Company  - Added senior
23.02.2023 18:26:21 [main] INFO  company.Company  - Added senior
23.02.2023 18:26:21 [main] INFO  company.Company  - Added senior
23.02.2023 18:26:21 [main] INFO  company.Company  - Added senior
23.02.2023 18:26:21 [main] INFO  company.Company  - Added senior
23.02.2023 18:26:21 [main] INFO  company.Company  - Added senior
23.02.2023 18:26:21 [main] INFO  company.Company  - Added senior
23.02.2023 18:26:21 [main] INFO  company.Company  - Added senior
23.02.2023 18:26:21 [main] INFO  company.Company  - Added senior
23.02.2023 18:26:21 [main] INFO  company.Company  - Added senior
23.02.2023 18:26:21 [main] INFO  company.Company  - Added senior
23.02.2023 18:26:21 [main] INFO  company.Company  - Added senior
23.02.2023 18:26:21 [main] INFO  company.Company  - Added senior
23.02.2023 18:26:21 [main] INFO  company.Company  - Added senior
23.02.2023 18:26:21 [main] INFO  company.Company  - Added sysadmin
23.02.2023 18:26:21 [main] INFO  company.Company  - Added sysadmin
23.02.2023 18:26:21 [main] INFO  company.Company  - Added sysadmin
23.02.2023 18:26:21 [main] INFO  company.Company  - Added sysadmin
23.02.2023 18:26:21 [main] INFO  company.Company  - Added sysadmin
23.02.2023 18:26:21 [main] INFO  company.Company  - Added sysadmin
23.02.2023 18:26:21 [main] INFO  company.Company  - Added sysadmin
23.02.2023 18:26:21 [main] INFO  company.Company  - Added sysadmin
23.02.2023 18:26:21 [main] INFO  company.Company  - Added sysadmin
23.02.2023 18:26:21 [main] INFO  company.Company  - Added sysadmin
23.02.2023 18:26:21 [main] INFO  company.Company  - Added sysadmin
23.02.2023 18:26:21 [main] INFO  company.Company  - Added sysadmin
23.02.2023 18:26:21 [main] INFO  company.Company  - Added sysadmin
23.02.2023 18:26:21 [main] INFO  company.Company  - Added sysadmin
23.02.2023 18:26:21 [main] INFO  company.Company  - Added sysadmin
23.02.2023 18:26:21 [main] INFO  company.Company  - Added sysadmin
23.02.2023 18:29:23 [main] INFO  main.Main  - Starting program_____________________________
23.02.2023 18:29:23 [main] INFO  company.Company  - Added junior
23.02.2023 18:29:23 [main] INFO  company.Company  - Added middle
23.02.2023 18:29:23 [main] INFO  company.Company  - Added middle
23.02.2023 18:29:23 [main] INFO  company.Company  - Added middle
23.02.2023 18:29:23 [main] INFO  company.Company  - Added middle
23.02.2023 18:29:23 [main] INFO  company.Company  - Added senior
23.02.2023 18:29:23 [main] INFO  company.Company  - Added senior
23.02.2023 18:29:23 [main] INFO  company.Company  - Added senior
23.02.2023 18:29:23 [main] INFO  company.Company  - Added senior
23.02.2023 18:29:23 [main] INFO  company.Company  - Added sysadmin
23.02.2023 18:29:59 [main] INFO  main.Main  - Starting program_____________________________
23.02.2023 18:29:59 [main] INFO  company.Company  - Added junior
23.02.2023 18:29:59 [main] INFO  company.Company  - Added junior
23.02.2023 18:29:59 [main] INFO  company.Company  - Added junior
23.02.2023 18:29:59 [main] INFO  company.Company  - Added junior
23.02.2023 18:29:59 [main] INFO  company.Company  - Added junior
23.02.2023 18:29:59 [main] INFO  company.Company  - Added junior
23.02.2023 18:29:59 [main] INFO  company.Company  - Added junior
23.02.2023 18:29:59 [main] INFO  company.Company  - Added junior
23.02.2023 18:29:59 [main] INFO  company.Company  - Added junior
23.02.2023 18:29:59 [main] INFO  company.Company  - Added junior
23.02.2023 18:29:59 [main] INFO  company.Company  - Added junior
23.02.2023 18:29:59 [main] INFO  company.Company  - Added junior
23.02.2023 18:29:59 [main] INFO  company.Company  - Added junior
23.02.2023 18:29:59 [main] INFO  company.Company  - Added junior
23.02.2023 18:29:59 [main] INFO  company.Company  - Added junior
23.02.2023 18:29:59 [main] INFO  company.Company  - Added junior
23.02.2023 18:29:59 [main] INFO  company.Company  - Added junior
23.02.2023 18:29:59 [main] INFO  company.Company  - Added junior
23.02.2023 18:29:59 [main] INFO  company.Company  - Added junior
23.02.2023 18:29:59 [main] INFO  company.Company  - Added junior
23.02.2023 18:29:59 [main] INFO  company.Company  - Added middle
23.02.2023 18:29:59 [main] INFO  company.Company  - Added middle
23.02.2023 18:29:59 [main] INFO  company.Company  - Added middle
23.02.2023 18:29:59 [main] INFO  company.Company  - Added middle
23.02.2023 18:29:59 [main] INFO  company.Company  - Added middle
23.02.2023 18:29:59 [main] INFO  company.Company  - Added middle
23.02.2023 18:29:59 [main] INFO  company.Company  - Added middle
23.02.2023 18:29:59 [main] INFO  company.Company  - Added middle
23.02.2023 18:29:59 [main] INFO  company.Company  - Added middle
23.02.2023 18:29:59 [main] INFO  company.Company  - Added middle
23.02.2023 18:29:59 [main] INFO  company.Company  - Added middle
23.02.2023 18:29:59 [main] INFO  company.Company  - Added middle
23.02.2023 18:29:59 [main] INFO  company.Company  - Added middle
23.02.2023 18:29:59 [main] INFO  company.Company  - Added middle
23.02.2023 18:29:59 [main] INFO  company.Company  - Added middle
23.02.2023 18:29:59 [main] INFO  company.Company  - Added senior
23.02.2023 18:29:59 [main] INFO  company.Company  - Added senior
23.02.2023 18:29:59 [main] INFO  company.Company  - Added senior
23.02.2023 18:29:59 [main] INFO  company.Company  - Added senior
23.02.2023 18:29:59 [main] INFO  company.Company  - Added senior
23.02.2023 18:29:59 [main] INFO  company.Company  - Added senior
23.02.2023 18:29:59 [main] INFO  company.Company  - Added senior
23.02.2023 18:29:59 [main] INFO  company.Company  - Added senior
23.02.2023 18:29:59 [main] INFO  company.Company  - Added senior
23.02.2023 18:29:59 [main] INFO  company.Company  - Added senior
23.02.2023 18:29:59 [main] INFO  company.Company  - Added senior
23.02.2023 18:29:59 [main] INFO  company.Company  - Added senior
23.02.2023 18:29:59 [main] INFO  company.Company  - Added senior
23.02.2023 18:29:59 [main] INFO  company.Company  - Added senior
23.02.2023 18:29:59 [main] INFO  company.Company  - Added senior
23.02.2023 18:29:59 [main] INFO  company.Company  - Added sysadmin
23.02.2023 18:29:59 [main] INFO  company.Company  - Added sysadmin
23.02.2023 18:29:59 [main] INFO  company.Company  - Added sysadmin
23.02.2023 18:29:59 [main] INFO  company.Company  - Added sysadmin
23.02.2023 18:29:59 [main] INFO  company.Company  - Added sysadmin
23.02.2023 18:29:59 [main] INFO  company.Company  - Added sysadmin
23.02.2023 18:29:59 [main] INFO  company.Company  - Added sysadmin
23.02.2023 18:29:59 [main] INFO  company.Company  - Added sysadmin
23.02.2023 18:29:59 [main] INFO  company.Company  - Added sysadmin
23.02.2023 18:29:59 [main] INFO  company.Company  - Added sysadmin
23.02.2023 18:29:59 [main] INFO  company.Company  - Added sysadmin
23.02.2023 18:29:59 [main] INFO  company.Company  - Added sysadmin
23.02.2023 18:29:59 [main] INFO  company.Company  - Added sysadmin
23.02.2023 18:29:59 [main] INFO  company.Company  - Added sysadmin
23.02.2023 18:45:27 [main] INFO  main.Main  - Starting program_____________________________
23.02.2023 18:45:28 [main] INFO  company.Company  - Added junior
23.02.2023 18:45:28 [main] INFO  company.Company  - Added junior
23.02.2023 18:45:28 [main] INFO  company.Company  - Added junior
23.02.2023 18:45:28 [main] INFO  company.Company  - Added junior
23.02.2023 18:45:28 [main] INFO  company.Company  - Added junior
23.02.2023 18:45:28 [main] INFO  company.Company  - Added junior
23.02.2023 18:45:28 [main] INFO  company.Company  - Added junior
23.02.2023 18:45:28 [main] INFO  company.Company  - Added junior
23.02.2023 18:45:28 [main] INFO  company.Company  - Added junior
23.02.2023 18:45:28 [main] INFO  company.Company  - Added middle
23.02.2023 18:45:28 [main] INFO  company.Company  - Added middle
23.02.2023 18:45:28 [main] INFO  company.Company  - Added middle
23.02.2023 18:45:28 [main] INFO  company.Company  - Added middle
23.02.2023 18:45:28 [main] INFO  company.Company  - Added middle
23.02.2023 18:45:28 [main] INFO  company.Company  - Added middle
23.02.2023 18:45:28 [main] INFO  company.Company  - Added middle
23.02.2023 18:45:28 [main] INFO  company.Company  - Added middle
23.02.2023 18:45:28 [main] INFO  company.Company  - Added middle
23.02.2023 18:45:28 [main] INFO  company.Company  - Added middle
23.02.2023 18:45:28 [main] INFO  company.Company  - Added middle
23.02.2023 18:45:28 [main] INFO  company.Company  - Added middle
23.02.2023 18:45:28 [main] INFO  company.Company  - Added middle
23.02.2023 18:45:28 [main] INFO  company.Company  - Added middle
23.02.2023 18:45:28 [main] INFO  company.Company  - Added middle
23.02.2023 18:45:28 [main] INFO  company.Company  - Added middle
23.02.2023 18:45:28 [main] INFO  company.Company  - Added middle
23.02.2023 18:45:28 [main] INFO  company.Company  - Added senior
23.02.2023 18:45:28 [main] INFO  company.Company  - Added senior
23.02.2023 18:45:28 [main] INFO  company.Company  - Added senior
23.02.2023 18:45:28 [main] INFO  company.Company  - Added senior
23.02.2023 18:45:28 [main] INFO  company.Company  - Added senior
23.02.2023 18:45:28 [main] INFO  company.Company  - Added senior
23.02.2023 18:45:28 [main] INFO  company.Company  - Added senior
23.02.2023 18:45:28 [main] INFO  company.Company  - Added senior
23.02.2023 18:45:28 [main] INFO  company.Company  - Added senior
23.02.2023 18:45:28 [main] INFO  company.Company  - Added senior
23.02.2023 18:45:28 [main] INFO  company.Company  - Added sysadmin
23.02.2023 18:45:28 [main] INFO  company.Company  - Added sysadmin
23.02.2023 18:47:49 [main] INFO  main.Main  - Starting program_____________________________
23.02.2023 18:47:49 [main] INFO  company.Company  - Added junior
23.02.2023 18:47:49 [main] INFO  company.Company  - Added junior
23.02.2023 18:47:49 [main] INFO  company.Company  - Added junior
23.02.2023 18:47:49 [main] INFO  company.Company  - Added middle
23.02.2023 18:47:49 [main] INFO  company.Company  - Added middle
23.02.2023 18:47:49 [main] INFO  company.Company  - Added middle
23.02.2023 18:47:49 [main] INFO  company.Company  - Added middle
23.02.2023 18:47:49 [main] INFO  company.Company  - Added middle
23.02.2023 18:47:49 [main] INFO  company.Company  - Added middle
23.02.2023 18:47:49 [main] INFO  company.Company  - Added middle
23.02.2023 18:47:49 [main] INFO  company.Company  - Added middle
23.02.2023 18:47:49 [main] INFO  company.Company  - Added middle
23.02.2023 18:47:49 [main] INFO  company.Company  - Added middle
23.02.2023 18:47:49 [main] INFO  company.Company  - Added middle
23.02.2023 18:47:49 [main] INFO  company.Company  - Added middle
23.02.2023 18:47:49 [main] INFO  company.Company  - Added middle
23.02.2023 18:47:49 [main] INFO  company.Company  - Added middle
23.02.2023 18:47:49 [main] INFO  company.Company  - Added middle
23.02.2023 18:47:49 [main] INFO  company.Company  - Added middle
23.02.2023 18:47:49 [main] INFO  company.Company  - Added middle
23.02.2023 18:47:50 [main] INFO  company.Company  - Added senior
23.02.2023 18:47:50 [main] INFO  company.Company  - Added senior
23.02.2023 18:47:50 [main] INFO  company.Company  - Added senior
23.02.2023 18:47:50 [main] INFO  company.Company  - Added senior
23.02.2023 18:47:50 [main] INFO  company.Company  - Added senior
23.02.2023 18:47:50 [main] INFO  company.Company  - Added senior
23.02.2023 18:47:50 [main] INFO  company.Company  - Added senior
23.02.2023 18:47:50 [main] INFO  company.Company  - Added senior
23.02.2023 18:47:50 [main] INFO  company.Company  - Added senior
23.02.2023 18:47:50 [main] INFO  company.Company  - Added senior
23.02.2023 18:47:50 [main] INFO  company.Company  - Added sysadmin
23.02.2023 18:47:50 [main] INFO  company.Company  - Added sysadmin
23.02.2023 18:47:50 [main] INFO  company.Company  - Added sysadmin
23.02.2023 18:47:50 [main] INFO  company.Company  - Added sysadmin
23.02.2023 18:47:50 [main] INFO  company.Company  - Added sysadmin
23.02.2023 18:47:50 [main] INFO  company.Company  - Added sysadmin
23.02.2023 18:47:50 [main] INFO  company.Company  - Added sysadmin
23.02.2023 18:47:50 [main] INFO  company.Company  - Added sysadmin
23.02.2023 18:47:50 [main] INFO  company.Company  - Added sysadmin
23.02.2023 18:47:50 [main] INFO  company.Company  - Added sysadmin
23.02.2023 18:47:50 [main] INFO  company.Company  - Added sysadmin
23.02.2023 18:47:50 [main] INFO  company.Company  - Added sysadmin
23.02.2023 18:47:50 [main] INFO  company.Company  - Added sysadmin
23.02.2023 18:47:50 [main] INFO  company.Company  - Added sysadmin
23.02.2023 18:47:50 [main] INFO  company.Company  - Added sysadmin
23.02.2023 18:47:50 [main] INFO  company.Company  - Added sysadmin
23.02.2023 18:47:50 [main] INFO  company.Company  - Added sysadmin
23.02.2023 18:47:50 [main] INFO  company.Company  - Added sysadmin
23.02.2023 18:47:50 [main] INFO  company.Company  - Added sysadmin
23.02.2023 18:47:50 [main] ERROR staff.Director  - unexpected parameter at sort
